  PluginProcessor.cpp
  PluginEditor.cpp
  include_juce_analytics.cpp
  include_juce_audio_basics.cpp
  include_juce_audio_devices.cpp
  include_juce_audio_formats.cpp
  include_juce_audio_processors_ara.cpp
  include_juce_audio_processors_lv2_libs.cpp
  include_juce_audio_utils.cpp
  include_juce_data_structures.cpp
  include_juce_dsp.cpp
C:\Users\bloqd\Documents\AAU\vocal-distortion\VocalDistortion\Source\PluginProcessor.cpp(80,60): warning C4100: 'index': unreferenced formal parameter
C:\Users\bloqd\Documents\AAU\vocal-distortion\VocalDistortion\Source\PluginProcessor.cpp(84,71): warning C4100: 'index': unreferenced formal parameter
C:\Users\bloqd\Documents\AAU\vocal-distortion\VocalDistortion\Source\PluginProcessor.cpp(89,87): warning C4100: 'newName': unreferenced formal parameter
C:\Users\bloqd\Documents\AAU\vocal-distortion\VocalDistortion\Source\PluginProcessor.cpp(89,60): warning C4100: 'index': unreferenced formal parameter
C:\Users\bloqd\Documents\AAU\vocal-distortion\VocalDistortion\Source\PluginProcessor.cpp(94,75): warning C4100: 'samplesPerBlock': unreferenced formal parameter
C:\Users\bloqd\Documents\AAU\vocal-distortion\VocalDistortion\Source\PluginProcessor.cpp(94,59): warning C4100: 'sampleRate': unreferenced formal parameter
C:\Users\bloqd\Documents\AAU\vocal-distortion\VocalDistortion\Source\PluginProcessor.cpp(132,103): warning C4100: 'midiMessages': unreferenced formal parameter
C:\Users\bloqd\Documents\AAU\vocal-distortion\VocalDistortion\Source\PluginProcessor.cpp(155,15): warning C4189: 'channelData': local variable is initialized but not referenced
C:\Users\bloqd\Documents\AAU\vocal-distortion\VocalDistortion\Source\PluginProcessor.cpp(173,77): warning C4100: 'destData': unreferenced formal parameter
C:\Users\bloqd\Documents\AAU\vocal-distortion\VocalDistortion\Source\PluginProcessor.cpp(180,80): warning C4100: 'sizeInBytes': unreferenced formal parameter
C:\Users\bloqd\Documents\AAU\vocal-distortion\VocalDistortion\Source\PluginProcessor.cpp(180,70): warning C4100: 'data': unreferenced formal parameter
  include_juce_events.cpp
  include_juce_graphics.cpp
  include_juce_gui_extra.cpp
  include_juce_audio_processors.cpp
  include_juce_core.cpp
  include_juce_gui_basics.cpp
  VocalDistortion_SharedCode.vcxproj -> C:\Users\bloqd\Documents\AAU\vocal-distortion\VocalDistortion\Builds\VisualStudio2022\x64\Debug\Shared Code\VocalDistortion.lib
